<?xml version="1.0" encoding="UTF-8"?>
<!-- Generated by org.testng.reporters.JUnitReportReporter -->
<testsuite hostname="RSV" failures="0" tests="3" name="runner.TestRunner" time="25.290" errors="0" timestamp="2026-07-14T10:50:45 EDT" skipped="0">
  <testcase classname="runner.TestRunner" name="runScenario" time="5.537"/>
  <testcase classname="runner.TestRunner" name="runScenario" time="17.583"/>
  <testcase classname="runner.TestRunner" name="runScenario" time="2.170"/>
</testsuite> <!-- runner.TestRunner -->
